{"level":"info","message":"Server listening on port 8080"}
{"level":"info","message":"Server listening on port 8080"}
{"level":"info","message":"Server listening on port 8080"}
{"level":"info","message":"Server listening on port 8080"}
{"level":"info","message":"Server listening on port 8080"}
{"level":"info","message":"Server listening on port 8080"}
{"level":"info","message":"Server listening on port 8080"}
{"level":"info","message":"Server listening on port 8080"}
{"level":"info","message":"Server listening on port 8080"}
{"level":"info","message":"Server listening on port 8080"}
{"level":"info","message":"Server listening on port 8080"}
{"level":"info","message":"Server listening on port 8080"}
{"level":"info","message":"Server listening on port 8080"}
{"level":"info","message":"Server listening on port 8080"}
{"level":"info","message":"Server listening on port 8080"}
{"level":"info","message":"Server listening on port 8080"}
{"level":"info","message":"Server listening on port 8080"}
{"level":"info","message":"Server listening on port 8080"}
{"level":"info","message":"Server listening on port 8080"}
{"level":"info","message":"Server listening on port 8080"}
{"level":"info","message":"Server listening on port 8080"}
{"level":"info","message":"Server listening on port 8080"}
{"level":"info","message":"Server listening on port 8080"}
{"level":"info","message":"Server listening on port 8080"}
{"level":"info","message":"Server listening on port 8080"}
{"level":"info","message":"Server listening on port 8080"}
{"level":"info","message":"Server listening on port 8080"}
{"level":"info","message":"Server listening on port 8080"}
{"level":"info","message":"Server listening on port 8080"}
{"level":"info","message":"Server listening on port 8080"}
{"level":"info","message":"Server listening on port 8080"}
{"level":"info","message":"Server listening on port 8080"}
{"level":"info","message":"Server listening on port 8080"}
{"level":"info","message":"Server listening on port 8080"}
{"level":"info","message":"Server listening on port 8080"}
{"level":"info","message":"Server listening on port 8080"}
{"level":"info","message":"Server listening on port 8080"}
{"level":"info","message":"Server listening on port 8080"}
{"level":"info","message":"Server listening on port 8080"}
{"level":"info","message":"Server listening on port 8080"}
{"level":"info","message":"Server listening on port 8080"}
{"level":"info","message":"Server listening on port 8080"}
{"level":"info","message":"Server listening on port 8080"}
{"level":"info","message":"Server listening on port 8080"}
{"level":"info","message":"Server listening on port 8080"}
{"level":"info","message":"Server listening on port 8080"}
{"level":"info","message":"Logged in succesfully on Benjaminzapata1998@gmail.com"}
{"level":"info","message":"Server listening on port 8080"}
{"level":"info","message":"Server listening on port 8080"}
{"level":"info","message":"Server listening on port 8080"}
{"level":"info","message":"Server listening on port 8080"}
{"level":"info","message":"Server listening on port 8080"}
{"level":"info","message":"Server listening on port 8080"}
{"level":"info","message":"User successfully registered with email Benjaminzapata19@gmail.com"}
{"level":"info","message":"Server listening on port 8080"}
{"level":"info","message":"Server listening on port 8080"}
{"level":"info","message":"Server listening on port 8080"}
{"level":"info","message":"Server listening on port 8080"}
{"level":"info","message":"Server listening on port 8080"}
{"level":"info","message":"Server listening on port 8080"}
{"level":"info","message":"Server listening on port 8080"}
{"level":"info","message":"Server listening on port 8080"}
{"level":"info","message":"Server listening on port 8080"}
{"level":"info","message":"Server listening on port 8080"}
{"level":"info","message":"Logged in succesfully on Benjaminzapata19@gmail.com"}
{"level":"info","message":"Server listening on port 8080"}
{"level":"info","message":"Server listening on port 8080"}
{"level":"info","message":"Server listening on port 8080"}
{"level":"info","message":"Server listening on port 8080"}
{"level":"info","message":"Server listening on port 8080"}
{"level":"info","message":"Server listening on port 8080"}
{"level":"info","message":"Logged in succesfully on Benjaminzapata19@gmail.com"}
{"level":"info","message":"Server listening on port 8080"}
{"level":"info","message":"Server listening on port 8080"}
{"level":"info","message":"Logged in succesfully on Benjaminzapata19@gmail.com"}
{"level":"info","message":"Server listening on port 8080"}
{"level":"info","message":"Server listening on port 8080"}
{"level":"info","message":"Server listening on port 8080"}
{"level":"info","message":"Server listening on port 8080"}
{"level":"info","message":"Server listening on port 8080"}
{"level":"info","message":"Server listening on port 8080"}
{"level":"info","message":"Server listening on port 8080"}
{"level":"info","message":"Server listening on port 8080"}
{"level":"info","message":"Server listening on port 8080"}
{"level":"info","message":"Server listening on port 8080"}
{"level":"info","message":"Server listening on port 8080"}
{"level":"info","message":"Server listening on port 8080"}
{"level":"info","message":"Server listening on port 8080"}
{"level":"info","message":"Server listening on port 8080"}
{"level":"info","message":"Server listening on port 8080"}
{"level":"info","message":"Server listening on port 8080"}
{"level":"info","message":"Server listening on port 8080"}
{"level":"info","message":"Server listening on port 8080"}
{"level":"info","message":"Server listening on port 8080"}
{"level":"info","message":"Server listening on port 8080"}
{"level":"info","message":"Server listening on port 8080"}
{"level":"info","message":"Server listening on port 8080"}
{"level":"info","message":"Server listening on port 8080"}
{"level":"info","message":"Server listening on port 8080"}
{"level":"info","message":"Server listening on port 8080"}
{"level":"info","message":"Server listening on port 8080"}
{"level":"info","message":"Server listening on port 8080"}
{"level":"info","message":"Server listening on port 8080 1689691001422"}
{"level":"info","message":"Server listening on port 80801689691012501"}
{"level":"info","message":"Server listening on port 8080 1689691012503"}
{"level":"info","message":"Server listening on port 8080, 1689691019643"}
{"level":"info","message":"Server listening on port 8080 1689691019646"}
{"level":"info","message":"Server listening on port 8080, 1689691024809"}
{"level":"info","message":"Server listening on port 8080"}
{"level":"info","message":"Server listening on port 8080, 1689691030446."}
{"level":"info","message":"Server listening on port 8080"}
{"level":"info","message":"Server listening on port 8080, 1689691034985"}
{"level":"info","message":"Server listening on port 8080"}
{"level":"info","message":"Server listening on port 8080"}
{"level":"info","message":"Server listening on port 8080"}
{"level":"info","message":"Server listening on port 8080, 11:38:47"}
{"level":"info","message":"Server listening on port 8080"}
{"level":"info","message":"Server listening on port 8080, 11:38:54"}
{"level":"info","message":"Server listening on port 8080."}
{"level":"info","message":"Server listening on port 8080, 11:38:58"}
{"level":"info","message":"Server listening on port 8080"}
{"level":"info","message":"Server listening on port 8080, - 11:39:08"}
{"level":"info","message":"Server listening on port 8080"}
{"level":"info","message":"Server listening on port 8080 - 11:39:09"}
{"level":"info","message":"Server listening on port 8080"}
{"level":"info","message":"Server listening on port 8080 - 11:39:13"}
{"level":"info","message":"Server listening on port 8080"}
{"level":"info","message":"Server listening on port 8080 - 11:39:20"}
{"level":"info","message":"Server listening on port 8080 - 11:39:20"}
{"level":"info","message":"Server listening on port 8080 - 11:39:27"}
{"level":"info","message":"Server listening on port 8080 - 11:39:27"}
{"level":"info","message":"Server listening on port 8080 - 11:39:29"}
{"level":"info","message":"Server listening on port 8080 - 11:39:29"}
{"level":"info","message":"Logged in succesfully on Benjaminzapata19@gmail.com - 11:39:41"}
