{"level":"info","message":"Server listening on port 8080 - 16:52:08"}
{"level":"info","message":"Server listening on port 8080 - 16:52:08"}
{"level":"info","message":"Server listening on port 8080 - 17:00:20"}
{"level":"info","message":"Server listening on port 8080 - 17:00:21"}
{"level":"info","message":"Server listening on port 8080 - 17:00:51"}
{"level":"info","message":"Server listening on port 8080 - 17:00:51"}
{"level":"info","message":"Server listening on port 8080 - 17:01:12"}
{"level":"info","message":"Server listening on port 8080 - 17:01:12"}
{"level":"info","message":"Server listening on port 8080 - 17:06:31"}
{"level":"info","message":"Server listening on port 8080 - 17:06:31"}
{"level":"info","message":"Server listening on port 8080 - 17:06:59"}
{"level":"info","message":"Server listening on port 8080 - 17:06:59"}
{"level":"info","message":"Server listening on port 8080 - 17:09:35"}
{"level":"info","message":"Server listening on port 8080 - 17:09:35"}
{"level":"info","message":"Server listening on port 8080 - 17:10:05"}
{"level":"info","message":"Server listening on port 8080 - 17:10:05"}
{"level":"info","message":"Server listening on port 8080 - 17:14:37"}
{"level":"info","message":"Server listening on port 8080 - 17:14:37"}
{"level":"info","message":"Server listening on port 8080 - 17:18:07"}
{"level":"info","message":"Server listening on port 8080 - 17:18:07"}
{"level":"info","message":"Server listening on port 8080 - 17:18:38"}
{"level":"info","message":"Server listening on port 8080 - 17:18:38"}
{"level":"info","message":"Server listening on port 8080 - 17:18:58"}
{"level":"info","message":"Server listening on port 8080 - 17:18:58"}
{"level":"info","message":"Server listening on port 8080 - 17:19:30"}
{"level":"info","message":"Server listening on port 8080 - 17:19:30"}
{"level":"info","message":"Server listening on port 8080 - 17:19:59"}
{"level":"info","message":"Server listening on port 8080 - 17:19:59"}
{"level":"info","message":"Server listening on port 8080 - 17:20:30"}
{"level":"info","message":"Server listening on port 8080 - 17:20:30"}
{"level":"info","message":"Server listening on port 8080 - 17:20:50"}
{"level":"info","message":"Server listening on port 8080 - 17:20:50"}
{"level":"info","message":"Server listening on port 8080 - 17:30:34"}
{"level":"info","message":"Server listening on port 8080 - 17:30:34"}
{"level":"info","message":"Server listening on port 8080 - 17:31:03"}
{"level":"info","message":"Server listening on port 8080 - 17:31:04"}
{"level":"info","message":"Server listening on port 8080 - 17:31:26"}
{"level":"info","message":"Server listening on port 8080 - 17:31:26"}
{"level":"info","message":"Server listening on port 8080 - 17:32:00"}
{"level":"info","message":"Server listening on port 8080 - 17:32:00"}
{"level":"info","message":"Server listening on port 8080 - 17:33:28"}
{"level":"info","message":"Server listening on port 8080 - 17:33:28"}
{"level":"info","message":"Server listening on port 8080 - 17:41:49"}
{"level":"info","message":"Server listening on port 8080 - 17:41:49"}
{"level":"info","message":"Server listening on port 8080 - 17:43:28"}
{"level":"info","message":"Server listening on port 8080 - 17:43:28"}
{"level":"info","message":"Server listening on port 8080 - 17:43:49"}
{"level":"info","message":"Server listening on port 8080 - 17:43:49"}
{"level":"info","message":"Server listening on port 8080 - 17:44:24"}
{"level":"info","message":"Server listening on port 8080 - 17:44:24"}
{"level":"info","message":"Server listening on port 8080 - 17:44:49"}
{"level":"info","message":"Server listening on port 8080 - 17:44:49"}
{"level":"info","message":"Server listening on port 8080 - 17:45:22"}
{"level":"info","message":"Server listening on port 8080 - 17:45:22"}
{"level":"info","message":"Server listening on port 8080 - 17:46:33"}
{"level":"info","message":"Server listening on port 8080 - 17:46:33"}
{"level":"info","message":"Server listening on port 8080 - 17:46:43"}
{"level":"info","message":"Server listening on port 8080 - 17:46:43"}
{"level":"info","message":"Server listening on port 8080 - 17:46:54"}
{"level":"info","message":"Server listening on port 8080 - 17:46:54"}
{"level":"info","message":"Server listening on port 8080 - 17:47:10"}
{"level":"info","message":"Server listening on port 8080 - 17:47:10"}
{"level":"info","message":"Server listening on port 8080 - 17:48:33"}
{"level":"info","message":"Server listening on port 8080 - 17:48:33"}
{"level":"info","message":"Server listening on port 8080 - 17:48:53"}
{"level":"info","message":"Server listening on port 8080 - 17:48:53"}
{"level":"info","message":"Server listening on port 8080 - 17:49:46"}
{"level":"info","message":"Server listening on port 8080 - 17:49:46"}
{"level":"info","message":"Server listening on port 8080 - 17:50:37"}
{"level":"info","message":"Server listening on port 8080 - 17:50:37"}
{"level":"info","message":"Server listening on port 8080 - 17:59:11"}
{"level":"info","message":"Server listening on port 8080 - 17:59:11"}
{"level":"info","message":"Server listening on port 8080 - 17:59:31"}
{"level":"info","message":"Server listening on port 8080 - 17:59:31"}
{"level":"info","message":"Server listening on port 8080 - 17:59:55"}
{"level":"info","message":"Server listening on port 8080 - 17:59:55"}
{"level":"info","message":"Server listening on port 8080 - 18:10:31"}
{"level":"info","message":"Server listening on port 8080 - 18:10:31"}
{"level":"info","message":"Server listening on port 8080 - 18:11:37"}
{"level":"info","message":"Server listening on port 8080 - 18:11:37"}
{"level":"info","message":"Server listening on port 8080 - 18:11:46"}
{"level":"info","message":"Server listening on port 8080 - 18:11:46"}
{"level":"info","message":"Server listening on port 8080 - 18:12:07"}
{"level":"info","message":"Server listening on port 8080 - 18:12:07"}
{"level":"info","message":"Server listening on port 8080 - 18:12:13"}
{"level":"info","message":"Server listening on port 8080 - 18:12:13"}
{"level":"info","message":"Server listening on port 8080 - 18:12:36"}
{"level":"info","message":"Server listening on port 8080 - 18:12:36"}
{"level":"info","message":"Server listening on port 8080 - 18:12:45"}
{"level":"info","message":"Server listening on port 8080 - 18:12:45"}
{"level":"info","message":"Server listening on port 8080 - 18:12:48"}
{"level":"info","message":"Server listening on port 8080 - 18:12:48"}
{"level":"info","message":"Server listening on port 8080 - 18:12:51"}
{"level":"info","message":"Server listening on port 8080 - 18:12:51"}
{"level":"info","message":"Server listening on port 8080 - 18:12:57"}
{"level":"info","message":"Server listening on port 8080 - 18:12:57"}
{"level":"info","message":"Server listening on port 8080 - 18:13:03"}
{"level":"info","message":"Server listening on port 8080 - 18:13:03"}
{"level":"info","message":"Server listening on port 8080 - 18:13:19"}
{"level":"info","message":"Server listening on port 8080 - 18:13:19"}
{"level":"info","message":"Server listening on port 8080 - 18:13:23"}
{"level":"info","message":"Server listening on port 8080 - 18:13:23"}
{"level":"info","message":"Server listening on port 8080 - 18:13:27"}
{"level":"info","message":"Server listening on port 8080 - 18:13:27"}
{"level":"info","message":"Server listening on port 8080 - 18:13:32"}
{"level":"info","message":"Server listening on port 8080 - 18:13:32"}
{"level":"info","message":"Server listening on port 8080 - 18:14:08"}
{"level":"info","message":"Server listening on port 8080 - 18:14:08"}
{"level":"info","message":"Server listening on port 8080 - 18:14:15"}
{"level":"info","message":"Server listening on port 8080 - 18:14:15"}
{"level":"info","message":"Server listening on port 8080 - 18:14:22"}
{"level":"info","message":"Server listening on port 8080 - 18:14:22"}
{"level":"info","message":"Server listening on port 8080 - 18:15:30"}
{"level":"info","message":"Server listening on port 8080 - 18:15:30"}
{"level":"info","message":"Server listening on port 8080 - 18:15:48"}
{"level":"info","message":"Server listening on port 8080 - 18:15:48"}
{"level":"info","message":"Server listening on port 8080 - 18:15:51"}
{"level":"info","message":"Server listening on port 8080 - 18:15:51"}
{"level":"info","message":"Server listening on port 8080 - 18:16:01"}
{"level":"info","message":"Server listening on port 8080 - 18:16:01"}
{"level":"info","message":"Server listening on port 8080 - 18:16:11"}
{"level":"info","message":"Server listening on port 8080 - 18:16:11"}
{"level":"info","message":"Server listening on port 8080 - 18:16:34"}
{"level":"info","message":"Server listening on port 8080 - 18:16:34"}
{"level":"info","message":"Server listening on port 8080 - 18:16:37"}
{"level":"info","message":"Server listening on port 8080 - 18:16:37"}
{"level":"info","message":"Server listening on port 8080 - 18:16:41"}
{"level":"info","message":"Server listening on port 8080 - 18:16:41"}
{"level":"info","message":"Server listening on port 8080 - 18:16:47"}
{"level":"info","message":"Server listening on port 8080 - 18:16:47"}
{"level":"info","message":"Server listening on port 8080 - 18:16:52"}
{"level":"info","message":"Server listening on port 8080 - 18:16:52"}
{"level":"info","message":"Server listening on port 8080 - 18:16:59"}
{"level":"info","message":"Server listening on port 8080 - 18:16:59"}
{"level":"info","message":"Server listening on port 8080 - 18:17:05"}
{"level":"info","message":"Server listening on port 8080 - 18:17:05"}
{"level":"info","message":"Server listening on port 8080 - 18:17:08"}
{"level":"info","message":"Server listening on port 8080 - 18:17:08"}
{"level":"info","message":"Server listening on port 8080 - 18:17:13"}
{"level":"info","message":"Server listening on port 8080 - 18:17:13"}
{"level":"info","message":"Server listening on port 8080 - 18:17:22"}
{"level":"info","message":"Server listening on port 8080 - 18:17:22"}
{"level":"info","message":"Server listening on port 8080 - 18:17:56"}
{"level":"info","message":"Server listening on port 8080 - 18:17:56"}
{"level":"info","message":"Server listening on port 8080 - 18:18:10"}
{"level":"info","message":"Server listening on port 8080 - 18:18:10"}
{"level":"info","message":"Server listening on port 8080 - 18:18:22"}
{"level":"info","message":"Server listening on port 8080 - 18:18:22"}
{"level":"info","message":"Server listening on port 8080 - 18:18:42"}
{"level":"info","message":"Server listening on port 8080 - 18:18:42"}
{"level":"info","message":"Server listening on port 8080 - 18:18:47"}
{"level":"info","message":"Server listening on port 8080 - 18:18:47"}
{"level":"info","message":"Server listening on port 8080 - 18:18:51"}
{"level":"info","message":"Server listening on port 8080 - 18:18:51"}
{"level":"info","message":"Server listening on port 8080 - 18:18:57"}
{"level":"info","message":"Server listening on port 8080 - 18:18:57"}
{"level":"info","message":"Server listening on port 8080 - 18:19:01"}
{"level":"info","message":"Server listening on port 8080 - 18:19:01"}
{"level":"info","message":"Server listening on port 8080 - 18:19:06"}
{"level":"info","message":"Server listening on port 8080 - 18:19:06"}
{"level":"info","message":"Server listening on port 8080 - 18:19:30"}
{"level":"info","message":"Server listening on port 8080 - 18:19:30"}
{"level":"info","message":"Server listening on port 8080 - 18:20:15"}
{"level":"info","message":"Server listening on port 8080 - 18:20:15"}
{"level":"info","message":"Server listening on port 8080 - 18:20:18"}
{"level":"info","message":"Server listening on port 8080 - 18:20:18"}
{"level":"info","message":"Server listening on port 8080 - 18:33:57"}
{"level":"info","message":"Server listening on port 8080 - 18:33:57"}
{"level":"info","message":"Server listening on port 8080 - 18:34:10"}
{"level":"info","message":"Server listening on port 8080 - 18:34:10"}
{"level":"info","message":"Server listening on port 8080 - 18:35:33"}
{"level":"info","message":"Server listening on port 8080 - 18:35:33"}
{"level":"info","message":"Server listening on port 8080 - 18:35:45"}
{"level":"info","message":"Server listening on port 8080 - 18:35:45"}
{"level":"info","message":"Server listening on port 8080 - 18:35:52"}
{"level":"info","message":"Server listening on port 8080 - 18:35:52"}
{"level":"info","message":"Server listening on port 8080 - 18:36:20"}
{"level":"info","message":"Server listening on port 8080 - 18:36:20"}
{"level":"info","message":"Server listening on port 8080 - 18:36:27"}
{"level":"info","message":"Server listening on port 8080 - 18:36:27"}
{"level":"info","message":"Server listening on port 8080 - 18:36:33"}
{"level":"info","message":"Server listening on port 8080 - 18:36:33"}
{"level":"info","message":"Server listening on port 8080 - 18:36:56"}
{"level":"info","message":"Server listening on port 8080 - 18:36:56"}
{"level":"info","message":"Server listening on port 8080 - 18:37:00"}
{"level":"info","message":"Server listening on port 8080 - 18:37:00"}
{"level":"info","message":"Server listening on port 8080 - 18:37:04"}
{"level":"info","message":"Server listening on port 8080 - 18:37:04"}
{"level":"info","message":"Server listening on port 8080 - 18:37:07"}
{"level":"info","message":"Server listening on port 8080 - 18:37:07"}
{"level":"info","message":"Server listening on port 8080 - 18:37:16"}
{"level":"info","message":"Server listening on port 8080 - 18:37:16"}
{"level":"info","message":"Server listening on port 8080 - 18:37:36"}
{"level":"info","message":"Server listening on port 8080 - 18:37:36"}
{"level":"info","message":"Server listening on port 8080 - 18:37:39"}
{"level":"info","message":"Server listening on port 8080 - 18:37:40"}
{"level":"info","message":"Server listening on port 8080 - 18:37:42"}
{"level":"info","message":"Server listening on port 8080 - 18:37:42"}
{"level":"info","message":"Server listening on port 8080 - 18:37:45"}
{"level":"info","message":"Server listening on port 8080 - 18:37:45"}
{"level":"info","message":"Server listening on port 8080 - 18:37:51"}
{"level":"info","message":"Server listening on port 8080 - 18:37:51"}
{"level":"info","message":"Server listening on port 8080 - 18:37:55"}
{"level":"info","message":"Server listening on port 8080 - 18:37:55"}
{"level":"info","message":"Server listening on port 8080 - 18:37:58"}
{"level":"info","message":"Server listening on port 8080 - 18:37:58"}
{"level":"info","message":"Server listening on port 8080 - 18:38:01"}
{"level":"info","message":"Server listening on port 8080 - 18:38:01"}
{"level":"info","message":"Server listening on port 8080 - 19:09:18"}
{"level":"info","message":"Server listening on port 8080 - 19:09:18"}
{"level":"debug","message":"Testing logs - 19:09:18"}
{"level":"http","message":"Testing logs - 19:09:18"}
{"level":"info","message":"Testing logs - 19:09:18"}
{"level":"warning","message":"Testing logs - 19:09:18"}
{"level":"error","message":"Testing logs - 19:09:18"}
{"level":"debug","message":"Testing logs - 19:09:23"}
{"level":"http","message":"Testing logs - 19:09:23"}
{"level":"info","message":"Testing logs - 19:09:23"}
{"level":"warning","message":"Testing logs - 19:09:23"}
{"level":"error","message":"Testing logs - 19:09:23"}
{"level":"debug","message":"Testing logs - 19:09:24"}
{"level":"http","message":"Testing logs - 19:09:24"}
{"level":"info","message":"Testing logs - 19:09:24"}
{"level":"warning","message":"Testing logs - 19:09:24"}
{"level":"error","message":"Testing logs - 19:09:24"}
{"level":"debug","message":"Testing logs - 19:09:24"}
{"level":"http","message":"Testing logs - 19:09:24"}
{"level":"info","message":"Testing logs - 19:09:24"}
{"level":"warning","message":"Testing logs - 19:09:24"}
{"level":"error","message":"Testing logs - 19:09:24"}
{"level":"debug","message":"Testing logs - 19:09:53"}
{"level":"http","message":"Testing logs - 19:09:53"}
{"level":"info","message":"Testing logs - 19:09:53"}
{"level":"warning","message":"Testing logs - 19:09:53"}
{"level":"error","message":"Testing logs - 19:09:53"}
{"level":"debug","message":"Testing logs - 19:15:55"}
{"level":"http","message":"Testing logs - 19:15:55"}
{"level":"info","message":"Testing logs - 19:15:55"}
{"level":"warning","message":"Testing logs - 19:15:55"}
{"level":"error","message":"Testing logs - 19:15:55"}
{"level":"info","message":"Server listening on port 8080 - 19:19:36"}
{"level":"info","message":"Server listening on port 8080 - 19:19:36"}
{"level":"info","message":"Server listening on port 8080 - 19:21:38"}
{"level":"info","message":"Server listening on port 8080 - 19:21:38"}
{"level":"info","message":"Server listening on port 8080 - 19:30:13"}
{"level":"info","message":"Server listening on port 8080 - 19:30:13"}
{"level":"info","message":"Server listening on port 8080 - 19:44:42"}
{"level":"info","message":"Server listening on port 8080 - 19:44:42"}
{"level":"debug","message":"Testing logs - 19:44:42"}
{"level":"http","message":"Testing logs - 19:44:42"}
{"level":"info","message":"Testing logs - 19:44:42"}
{"level":"warning","message":"Testing logs - 19:44:42"}
{"level":"error","message":"Testing logs - 19:44:42"}
